<?xml version="1.0" encoding="UTF-8"?>
<!-- Generated by org.testng.reporters.JUnitXMLReporter -->
<testsuite hostname="PODIUM3.local" ignored="0" name="Default test" tests="8" failures="0" timestamp="2021-05-09T14:51:02 IST" time="118.065" errors="0">
  <testcase name="Session_id" time="54.353" classname="com_Api.Start_Booking_Flow"/>
  <testcase name="seat_plan" time="17.687" classname="com_Api.Start_Booking_Flow"/>
  <testcase name="create_order" time="16.323" classname="com_Api.Start_Booking_Flow"/>
  <testcase name="payment_types" time="6.327" classname="com_Api.Start_Booking_Flow"/>
  <testcase name="Initiate_payment" time="9.204" classname="com_Api.Start_Booking_Flow"/>
  <testcase name="cancel_order" time="6.348" classname="com_Api.Start_Booking_Flow"/>
  <testcase name="user_journey" time="4.299" classname="com_Api.Start_Booking_Flow"/>
  <testcase name="user_details" time="3.072" classname="com_Api.Start_Booking_Flow"/>
</testsuite> <!-- Default test -->
