<?xml version="1.0" encoding="UTF-8"?>
<!-- Generated by org.testng.reporters.JUnitXMLReporter -->
<testsuite hostname="PODIUM3.local" ignored="0" name="Test" tests="6" failures="0" timestamp="2020-02-25T10:56:35 IST" time="51.174" errors="0">
  <testcase name="films" time="9.465" classname="com_Api.start_api"/>
  <testcase name="Showtimes" time="7.616" classname="com_Api.start_api"/>
  <testcase name="Session_id" time="13.238" classname="com_Api.start_api"/>
  <testcase name="seat_plan" time="8.744" classname="com_Api.start_api"/>
  <testcase name="create_order" time="8.525" classname="com_Api.start_api"/>
  <testcase name="cancel_order" time="3.047" classname="com_Api.start_api"/>
</testsuite> <!-- Test -->
